<?xml version="1.0" encoding="UTF-8"?>
<testng-results skipped="0" failed="0" ignored="0" total="2" passed="2">
  <reporter-output>
  </reporter-output>
  <suite name="Default suite" duration-ms="27685" started-at="2019-04-23T12:18:58Z" finished-at="2019-04-23T12:19:25Z">
    <groups>
      <group name="cucumber">
        <method signature="TestRunner.feature(cucumber.api.testng.CucumberFeatureWrapper)[pri:0, instance:myRunner.TestRunner@148080bb]" name="feature" class="myRunner.TestRunner"/>
      </group> <!-- cucumber -->
    </groups>
    <test name="Default test" duration-ms="27685" started-at="2019-04-23T12:18:58Z" finished-at="2019-04-23T12:19:25Z">
      <class name="myRunner.TestRunner">
        <test-method status="PASS" signature="setUpClass()[pri:0, instance:myRunner.TestRunner@148080bb]" name="setUpClass" is-config="true" duration-ms="172" started-at="2019-04-23T12:18:58Z" finished-at="2019-04-23T12:18:58Z">
          <reporter-output>
          </reporter-output>
        </test-method> <!-- setUpClass -->
        <test-method status="PASS" signature="feature(cucumber.api.testng.CucumberFeatureWrapper)[pri:0, instance:myRunner.TestRunner@148080bb]" name="feature" duration-ms="9162" started-at="2019-04-23T12:18:58Z" description="Runs Cucumber Feature" data-provider="features" finished-at="2019-04-23T12:19:07Z">
          <params>
            <param index="0">
              <value>
                <![CDATA[HMS Login Feature]]>
              </value>
            </param>
          </params>
          <reporter-output>
          </reporter-output>
        </test-method> <!-- feature -->
        <test-method status="PASS" signature="feature(cucumber.api.testng.CucumberFeatureWrapper)[pri:0, instance:myRunner.TestRunner@148080bb]" name="feature" duration-ms="17772" started-at="2019-04-23T12:19:07Z" description="Runs Cucumber Feature" data-provider="features" finished-at="2019-04-23T12:19:25Z">
          <params>
            <param index="0">
              <value>
                <![CDATA[HMS Registration Feature]]>
              </value>
            </param>
          </params>
          <reporter-output>
          </reporter-output>
        </test-method> <!-- feature -->
        <test-method status="PASS" signature="tearDownClass()[pri:0, instance:myRunner.TestRunner@148080bb]" name="tearDownClass" is-config="true" duration-ms="500" started-at="2019-04-23T12:19:25Z" finished-at="2019-04-23T12:19:25Z">
          <reporter-output>
          </reporter-output>
        </test-method> <!-- tearDownClass -->
      </class> <!-- myRunner.TestRunner -->
    </test> <!-- Default test -->
  </suite> <!-- Default suite -->
</testng-results>
